2025-05-03T09:12:10Z GET /api/user/list 200 121ms
2025-05-03T09:22:22Z GET /api/user/detail 404 41ms
2025-05-03T09:32:33Z POST /api/user/login 200 94ms
2025-05-03T09:42:44Z GET /api/user/list 500 209ms
2025-05-03T09:52:55Z GET /api/user/list 200 111ms
2025-05-03T10:12:10Z GET /api/user/list 200 124ms
2025-05-03T10:22:22Z GET /api/user/detail 404 49ms
2025-05-03T10:32:33Z POST /api/user/login 200 97ms
2025-05-03T10:42:44Z GET /api/user/list 500 203ms
2025-05-03T10:52:55Z GET /api/user/list 200 116ms
2025-05-03T11:12:10Z GET /api/user/list 200 101ms
2025-05-03T11:22:22Z GET /api/user/detail 404 53ms
2025-05-03T11:32:33Z POST /api/user/logout 200 81ms
2025-05-03T11:42:44Z GET /api/user/list 500 219ms
2025-05-03T11:52:55Z GET /api/user/list 200 109ms
2025-05-03T12:12:10Z GET /api/user/list 200 98ms
2025-05-03T12:22:22Z GET /api/user/detail 404 61ms
2025-05-03T12:32:33Z POST /api/user/login 200 96ms
2025-05-03T12:42:44Z GET /api/user/list 500 213ms
2025-05-03T12:52:55Z GET /api/user/list 200 118ms 