2025-05-01T10:15:30Z GET /api/user/list 200 123ms
2025-05-01T10:16:10Z POST /api/user/login 200 98ms
2025-05-01T10:17:05Z GET /api/user/list 200 110ms
2025-05-01T10:18:22Z GET /api/user/detail 404 45ms
2025-05-01T10:19:30Z GET /api/user/list 200 130ms
2025-05-01T10:20:01Z GET /api/user/list 500 210ms
2025-05-01T10:21:15Z GET /api/user/list 200 120ms
2025-05-01T10:22:45Z POST /api/user/logout 200 80ms
2025-05-01T10:23:10Z GET /api/user/list 200 115ms
2025-05-01T10:24:55Z GET /api/user/detail 200 90ms
2025-05-01T11:01:10Z GET /api/user/list 200 100ms
2025-05-01T11:05:30Z GET /api/user/list 200 105ms
2025-05-01T11:10:00Z GET /api/user/detail 404 50ms
2025-05-01T11:15:20Z POST /api/user/login 200 95ms
2025-05-01T11:20:40Z GET /api/user/list 200 110ms
2025-05-01T11:25:55Z GET /api/user/list 500 220ms
2025-05-01T11:30:10Z GET /api/user/list 200 108ms
2025-05-01T11:35:25Z GET /api/user/list 200 112ms
2025-05-01T11:40:40Z GET /api/user/detail 200 85ms
2025-05-01T11:45:55Z GET /api/user/list 200 120ms
2025-05-01T12:00:00Z GET /api/user/list 200 99ms
2025-05-01T12:05:15Z GET /api/user/list 200 101ms
2025-05-01T12:10:30Z GET /api/user/detail 404 60ms
2025-05-01T12:15:45Z POST /api/user/login 200 97ms
2025-05-01T12:20:00Z GET /api/user/list 200 109ms
2025-05-01T12:25:15Z GET /api/user/list 500 205ms
2025-05-01T12:30:30Z GET /api/user/list 200 111ms
2025-05-01T12:35:45Z GET /api/user/list 200 113ms
2025-05-01T12:40:00Z GET /api/user/detail 200 88ms
2025-05-01T12:45:15Z GET /api/user/list 200 117ms 