2025-05-01T09:05:10Z GET /api/user/list 200 120ms
2025-05-01T09:15:22Z GET /api/user/detail 404 40ms
2025-05-01T09:25:33Z POST /api/user/login 200 95ms
2025-05-01T09:35:44Z GET /api/user/list 500 210ms
2025-05-01T09:45:55Z GET /api/user/list 200 110ms
2025-05-01T10:05:10Z GET /api/user/list 200 123ms
2025-05-01T10:15:22Z GET /api/user/detail 404 45ms
2025-05-01T10:25:33Z POST /api/user/login 200 98ms
2025-05-01T10:35:44Z GET /api/user/list 500 205ms
2025-05-01T10:45:55Z GET /api/user/list 200 115ms
2025-05-01T11:05:10Z GET /api/user/list 200 100ms
2025-05-01T11:15:22Z GET /api/user/detail 404 50ms
2025-05-01T11:25:33Z POST /api/user/logout 200 80ms
2025-05-01T11:35:44Z GET /api/user/list 500 220ms
2025-05-01T11:45:55Z GET /api/user/list 200 108ms
2025-05-01T12:05:10Z GET /api/user/list 200 99ms
2025-05-01T12:15:22Z GET /api/user/detail 404 60ms
2025-05-01T12:25:33Z POST /api/user/login 200 97ms
2025-05-01T12:35:44Z GET /api/user/list 500 215ms
2025-05-01T12:45:55Z GET /api/user/list 200 117ms 