2025-05-02T09:10:10Z GET /api/user/list 200 122ms
2025-05-02T09:20:22Z GET /api/user/detail 404 42ms
2025-05-02T09:30:33Z POST /api/user/login 200 93ms
2025-05-02T09:40:44Z GET /api/user/list 500 208ms
2025-05-02T09:50:55Z GET /api/user/list 200 112ms
2025-05-02T10:10:10Z GET /api/user/list 200 125ms
2025-05-02T10:20:22Z GET /api/user/detail 404 48ms
2025-05-02T10:30:33Z POST /api/user/login 200 99ms
2025-05-02T10:40:44Z GET /api/user/list 500 202ms
2025-05-02T10:50:55Z GET /api/user/list 200 118ms
2025-05-02T11:10:10Z GET /api/user/list 200 102ms
2025-05-02T11:20:22Z GET /api/user/detail 404 52ms
2025-05-02T11:30:33Z POST /api/user/logout 200 82ms
2025-05-02T11:40:44Z GET /api/user/list 500 218ms
2025-05-02T11:50:55Z GET /api/user/list 200 110ms
2025-05-02T12:10:10Z GET /api/user/list 200 97ms
2025-05-02T12:20:22Z GET /api/user/detail 404 62ms
2025-05-02T12:30:33Z POST /api/user/login 200 95ms
2025-05-02T12:40:44Z GET /api/user/list 500 212ms
2025-05-02T12:50:55Z GET /api/user/list 200 119ms 